<html>
<head>
<title>TestNG:  Surefire test</title>
<link href="../testng.css" rel="stylesheet" type="text/css" />
<link href="../my-testng.css" rel="stylesheet" type="text/css" />

<style type="text/css">
.log { display: none;} 
.stack-trace { display: none;} 
</style>
<script type="text/javascript">
<!--
function flip(e) {
  current = e.style.display;
  if (current == 'block') {
    e.style.display = 'none';
    return 0;
  }
  else {
    e.style.display = 'block';
    return 1;
  }
}

function toggleBox(szDivId, elem, msg1, msg2)
{
  var res = -1;  if (document.getElementById) {
    res = flip(document.getElementById(szDivId));
  }
  else if (document.all) {
    // this is the way old msie versions work
    res = flip(document.all[szDivId]);
  }
  if(elem) {
    if(res == 0) elem.innerHTML = msg1; else elem.innerHTML = msg2;
  }

}

function toggleAllBoxes() {
  if (document.getElementsByTagName) {
    d = document.getElementsByTagName('div');
    for (i = 0; i < d.length; i++) {
      if (d[i].className == 'log') {
        flip(d[i]);
      }
    }
  }
}

// -->
</script>

</head>
<body>
<h2 align='center'>Surefire test</h2><table border='1' align="center">
<tr>
<td>Tests passed/Failed/Skipped:</td><td>3/2/0</td>
</tr><tr>
<td>Started on:</td><td>Tue May 31 11:38:29 EDT 2022</td>
</tr>
<tr><td>Total time:</td><td>35 seconds (35439 ms)</td>
</tr><tr>
<td>Included groups:</td><td></td>
</tr><tr>
<td>Excluded groups:</td><td></td>
</tr>
</table><p/>
<small><i>(Hover the method name to see the test class name)</i></small><p/>
<table width='100%' border='1' class='invocation-failed'>
<tr><td colspan='4' align='center'><b>FAILED TESTS</b></td></tr>
<tr><td><b>Test method</b></td>
<td width="30%"><b>Exception</b></td>
<td width="10%"><b>Time (seconds)</b></td>
<td><b>Instance</b></td>
</tr>
<tr>
<td title='com.salesforce.runners.SalesforceRunner.runScenario()'><b>runScenario</b><br>Test class: com.salesforce.runners.SalesforceRunner<br>Test method: Runs Cucumber Scenarios<br>Parameters: "Login with correct user name and correct password", "Login to Salesforce Application"</td>
<td><div><pre>java.lang.AssertionError: expected [Welcome to your free trial.] but found [Home Page ~ Salesforce - Developer Edition]
	at com.salesforce.steps.SalesforceStepDefinition.verify_page_title_as_on(SalesforceStepDefinition.java:71)
	at ✽.Verify page title as &quot;Welcome to your free trial.&quot; on &quot;HomePage&quot;(file:///C:/Users/gowri/eclipse-workspace/SalesforceCucumberFrameworkPOM/src/test/resources/com/salesforce/features/SalesforceApplication.feature:13)
... Removed 6 stack frames</pre></div><a href='#' onClick='toggleBox("stack-trace1505486986", this, "Click to show all stack frames", "Click to hide stack frames")'>Click to show all stack frames</a>
<div class='stack-trace' id='stack-trace1505486986'><pre>java.lang.AssertionError: expected [Welcome to your free trial.] but found [Home Page ~ Salesforce - Developer Edition]
	at org.testng.Assert.fail(Assert.java:110)
	at org.testng.Assert.failNotEquals(Assert.java:1413)
	at org.testng.Assert.assertEqualsImpl(Assert.java:149)
	at org.testng.Assert.assertEquals(Assert.java:131)
	at org.testng.Assert.assertEquals(Assert.java:655)
	at org.testng.Assert.assertEquals(Assert.java:665)
	at com.salesforce.steps.SalesforceStepDefinition.verify_page_title_as_on(SalesforceStepDefinition.java:71)
	at ✽.Verify page title as &quot;Welcome to your free trial.&quot; on &quot;HomePage&quot;(file:///C:/Users/gowri/eclipse-workspace/SalesforceCucumberFrameworkPOM/src/test/resources/com/salesforce/features/SalesforceApplication.feature:13)
</pre></div></td>
<td>16</td>
<td>com.salesforce.runners.SalesforceRunner@345965f2</td></tr>
<tr>
<td title='com.salesforce.runners.SalesforceRunner.runScenario()'><b>runScenario</b><br>Test class: com.salesforce.runners.SalesforceRunner<br>Test method: Runs Cucumber Scenarios<br>Parameters: "Login with correct user name and click forget password link", "Login to Salesforce Application"</td>
<td><div><pre>java.lang.NullPointerException: Cannot invoke &quot;org.openqa.selenium.WebDriver.getTitle()&quot; because &quot;this.driver&quot; is null
	at com.salesforce.pages.loginpages.LoginCheckEmailPage.getCheckEmailTitle(LoginCheckEmailPage.java:15)
	at com.salesforce.steps.SalesforceStepDefinition.verify_page_title_as_on(SalesforceStepDefinition.java:74)
	at ✽.Verify page title as &quot;Check Your Email | Salesforce&quot; on &quot;LoginCheckEmailPage&quot;(file:///C:/Users/gowri/eclipse-workspace/SalesforceCucumberFrameworkPOM/src/test/resources/com/salesforce/features/SalesforceApplication.feature:40)
</pre></div><a href='#' onClick='toggleBox("stack-trace2139431292", this, "Click to show all stack frames", "Click to hide stack frames")'>Click to show all stack frames</a>
<div class='stack-trace' id='stack-trace2139431292'><pre>java.lang.NullPointerException: Cannot invoke &quot;org.openqa.selenium.WebDriver.getTitle()&quot; because &quot;this.driver&quot; is null
	at com.salesforce.pages.loginpages.LoginCheckEmailPage.getCheckEmailTitle(LoginCheckEmailPage.java:15)
	at com.salesforce.steps.SalesforceStepDefinition.verify_page_title_as_on(SalesforceStepDefinition.java:74)
	at ✽.Verify page title as &quot;Check Your Email | Salesforce&quot; on &quot;LoginCheckEmailPage&quot;(file:///C:/Users/gowri/eclipse-workspace/SalesforceCucumberFrameworkPOM/src/test/resources/com/salesforce/features/SalesforceApplication.feature:40)
</pre></div></td>
<td>3</td>
<td>com.salesforce.runners.SalesforceRunner@345965f2</td></tr>
</table><p>
<table width='100%' border='1' class='invocation-passed'>
<tr><td colspan='4' align='center'><b>PASSED TESTS</b></td></tr>
<tr><td><b>Test method</b></td>
<td width="30%"><b>Exception</b></td>
<td width="10%"><b>Time (seconds)</b></td>
<td><b>Instance</b></td>
</tr>
<tr>
<td title='com.salesforce.runners.SalesforceRunner.runScenario()'><b>runScenario</b><br>Test class: com.salesforce.runners.SalesforceRunner<br>Test method: Runs Cucumber Scenarios<br>Parameters: "Login with wrong user name and wrong password", "Login to Salesforce Application"</td>
<td></td>
<td>2</td>
<td>com.salesforce.runners.SalesforceRunner@345965f2</td></tr>
<tr>
<td title='com.salesforce.runners.SalesforceRunner.runScenario()'><b>runScenario</b><br>Test class: com.salesforce.runners.SalesforceRunner<br>Test method: Runs Cucumber Scenarios<br>Parameters: "Login with correct user name and password and click remember check", "Login to Salesforce Application"</td>
<td></td>
<td>6</td>
<td>com.salesforce.runners.SalesforceRunner@345965f2</td></tr>
<tr>
<td title='com.salesforce.runners.SalesforceRunner.runScenario()'><b>runScenario</b><br>Test class: com.salesforce.runners.SalesforceRunner<br>Test method: Runs Cucumber Scenarios<br>Parameters: "Login with correct user name and clear password field", "Login to Salesforce Application"</td>
<td></td>
<td>5</td>
<td>com.salesforce.runners.SalesforceRunner@345965f2</td></tr>
</table><p>
</body>
</html>