<?xml version="1.0" encoding="UTF-8"?>
<testsuite xmlns:xsi="http://www.w3.org/2001/XMLSchema-instance" xsi:schemaLocation="https://maven.apache.org/surefire/maven-surefire-plugin/xsd/surefire-test-report.xsd" name="com.salesforce.runners.SalesforceRunner" time="35.764" tests="5" errors="0" skipped="0" failures="2">
  <properties>
[...]
</properties>
  <testcase name="runScenario" classname="com.salesforce.runners.SalesforceRunner" time="16.528">
    <failure message="expected [Welcome to your free trial.] but found [Home Page ~ Salesforce - Developer Edition]" type="java.lang.AssertionError">java.lang.AssertionError: expected [Welcome to your free trial.] but found [Home Page ~ Salesforce - Developer Edition]
</failure>
    <system-out><![CDATA[Page : HomePage
Home Title : Home Page ~ Salesforce - Developer Edition
]]></system-out>
    <system-err><![CDATA[SLF4J: Failed to load class "org.slf4j.impl.StaticLoggerBinder".
SLF4J: Defaulting to no-operation (NOP) logger implementation
SLF4J: See http://www.slf4j.org/codes.html#StaticLoggerBinder for further details.
Starting ChromeDriver 102.0.5005.61 (0e59bcc00cc4985ce39ad31c150065f159d95ad3-refs/branch-heads/5005@{#819}) on port 40919
Only local connections are allowed.
Please see https://chromedriver.chromium.org/security-considerations for suggestions on keeping ChromeDriver safe.
ChromeDriver was started successfully.
May 31, 2022 11:38:31 AM org.openqa.selenium.remote.ProtocolHandshake createSession
INFO: Detected dialect: W3C
]]></system-err>
  </testcase>
  <testcase name="runScenario" classname="com.salesforce.runners.SalesforceRunner" time="5.576"/>
  <testcase name="runScenario" classname="com.salesforce.runners.SalesforceRunner" time="6.664"/>
  <testcase name="runScenario" classname="com.salesforce.runners.SalesforceRunner" time="3.332">
    <failure message="Cannot invoke &quot;org.openqa.selenium.WebDriver.getTitle()&quot; because &quot;this.driver&quot; is null" type="java.lang.NullPointerException">java.lang.NullPointerException: Cannot invoke "org.openqa.selenium.WebDriver.getTitle()" because "this.driver" is null
</failure>
    <system-out><![CDATA[Page : LoginCheckEmailPage

@tag
Scenario: Login with correct user name and correct password               &amp#27;[90m# src/test/resources/com/salesforce/features/SalesforceApplication.feature:7&amp#27;[0m
  &amp#27;[32mGiven &amp#27;[0m&amp#27;[32mUser open Salesforce Application&amp#27;[0m                                  &amp#27;[90m# com.salesforce.steps.SalesforceStepDefinition.user_open_salesforce_application()&amp#27;[0m
  &amp#27;[32mWhen &amp#27;[0m&amp#27;[32mUser on &amp#27;[0m&amp#27;[32m&amp#27;[1m"LoginPage"&amp#27;[0m                                                &amp#27;[90m# com.salesforce.steps.SalesforceStepDefinition.user_on(java.lang.String)&amp#27;[0m
  &amp#27;[32mWhen &amp#27;[0m&amp#27;[32mUser enters value into username field as &amp#27;[0m&amp#27;[32m&amp#27;[1m"training@automation.com"&amp#27;[0m &amp#27;[90m# com.salesforce.steps.SalesforceStepDefinition.user_enters_value_into_username_field_as(java.lang.String)&amp#27;[0m
  &amp#27;[32mWhen &amp#27;[0m&amp#27;[32mUser enters value into password field as &amp#27;[0m&amp#27;[32m&amp#27;[1m"testing@123"&amp#27;[0m             &amp#27;[90m# com.salesforce.steps.SalesforceStepDefinition.user_enters_value_into_password_field_as(java.lang.String)&amp#27;[0m
  &amp#27;[32mAnd &amp#27;[0m&amp#27;[32mClick on login button&amp#27;[0m                                               &amp#27;[90m# com.salesforce.steps.SalesforceStepDefinition.click_on_login_button()&amp#27;[0m
  &amp#27;[32mThen &amp#27;[0m&amp#27;[32mUser on &amp#27;[0m&amp#27;[32m&amp#27;[1m"HomePage"&amp#27;[0m                                                 &amp#27;[90m# com.salesforce.steps.SalesforceStepDefinition.user_on(java.lang.String)&amp#27;[0m
  &amp#27;[31mThen &amp#27;[0m&amp#27;[31mVerify page title as &amp#27;[0m&amp#27;[31m&amp#27;[1m"Welcome to your free trial."&amp#27;[0m&amp#27;[31m on &amp#27;[0m&amp#27;[31m&amp#27;[1m"HomePage"&amp#27;[0m   &amp#27;[90m# com.salesforce.steps.SalesforceStepDefinition.verify_page_title_as_on(java.lang.String,java.lang.String)&amp#27;[0m
      &amp#27;[31mjava.lang.AssertionError: expected [Welcome to your free trial.] but found [Home Page ~ Salesforce - Developer Edition]
	at org.testng.Assert.fail(Assert.java:110)
	at org.testng.Assert.failNotEquals(Assert.java:1413)
	at org.testng.Assert.assertEqualsImpl(Assert.java:149)
	at org.testng.Assert.assertEquals(Assert.java:131)
	at org.testng.Assert.assertEquals(Assert.java:655)
	at org.testng.Assert.assertEquals(Assert.java:665)
	at com.salesforce.steps.SalesforceStepDefinition.verify_page_title_as_on(SalesforceStepDefinition.java:71)
	at ✽.Verify page title as "Welcome to your free trial." on "HomePage"(file:///C:/Users/gowri/eclipse-workspace/SalesforceCucumberFrameworkPOM/src/test/resources/com/salesforce/features/SalesforceApplication.feature:13)
&amp#27;[0m

@tag
Scenario: Login with correct user name and clear password field           &amp#27;[90m# src/test/resources/com/salesforce/features/SalesforceApplication.feature:15&amp#27;[0m
  &amp#27;[32mGiven &amp#27;[0m&amp#27;[32mUser open Salesforce Application&amp#27;[0m                                  &amp#27;[90m# com.salesforce.steps.SalesforceStepDefinition.user_open_salesforce_application()&amp#27;[0m
  &amp#27;[32mWhen &amp#27;[0m&amp#27;[32mUser on &amp#27;[0m&amp#27;[32m&amp#27;[1m"LoginPage"&amp#27;[0m                                                &amp#27;[90m# com.salesforce.steps.SalesforceStepDefinition.user_on(java.lang.String)&amp#27;[0m
  &amp#27;[32mWhen &amp#27;[0m&amp#27;[32mUser enters value into username field as &amp#27;[0m&amp#27;[32m&amp#27;[1m"training@automation.com"&amp#27;[0m &amp#27;[90m# com.salesforce.steps.SalesforceStepDefinition.user_enters_value_into_username_field_as(java.lang.String)&amp#27;[0m
  &amp#27;[32mWhen &amp#27;[0m&amp#27;[32mUser clears value from password field&amp#27;[0m                              &amp#27;[90m# com.salesforce.steps.SalesforceStepDefinition.user_clears_value_from_password_field()&amp#27;[0m
  &amp#27;[32mAnd &amp#27;[0m&amp#27;[32mClick on login button&amp#27;[0m                                               &amp#27;[90m# com.salesforce.steps.SalesforceStepDefinition.click_on_login_button()&amp#27;[0m
  &amp#27;[32mThen &amp#27;[0m&amp#27;[32mError message is shown with text &amp#27;[0m&amp#27;[32m&amp#27;[1m"Please enter your password."&amp#27;[0m     &amp#27;[90m# com.salesforce.steps.SalesforceStepDefinition.error_message_is_shown_with_text(java.lang.String)&amp#27;[0m

@tag
Scenario: Login with correct user name and password and click remember check &amp#27;[90m# src/test/resources/com/salesforce/features/SalesforceApplication.feature:22&amp#27;[0m
  &amp#27;[32mGiven &amp#27;[0m&amp#27;[32mUser open Salesforce Application&amp#27;[0m                                     &amp#27;[90m# com.salesforce.steps.SalesforceStepDefinition.user_open_salesforce_application()&amp#27;[0m
  &amp#27;[32mWhen &amp#27;[0m&amp#27;[32mUser on &amp#27;[0m&amp#27;[32m&amp#27;[1m"LoginPage"&amp#27;[0m                                                   &amp#27;[90m# com.salesforce.steps.SalesforceStepDefinition.user_on(java.lang.String)&amp#27;[0m
  &amp#27;[32mWhen &amp#27;[0m&amp#27;[32mUser enters value into username field as &amp#27;[0m&amp#27;[32m&amp#27;[1m"training@automation.com"&amp#27;[0m    &amp#27;[90m# com.salesforce.steps.SalesforceStepDefinition.user_enters_value_into_username_field_as(java.lang.String)&amp#27;[0m
  &amp#27;[32mWhen &amp#27;[0m&amp#27;[32mUser enters value into password field as &amp#27;[0m&amp#27;[32m&amp#27;[1m"testing@123"&amp#27;[0m                &amp#27;[90m# com.salesforce.steps.SalesforceStepDefinition.user_enters_value_into_password_field_as(java.lang.String)&amp#27;[0m
  &amp#27;[32mAnd &amp#27;[0m&amp#27;[32mclick on remember me&amp#27;[0m                                                   &amp#27;[90m# com.salesforce.steps.SalesforceStepDefinition.click_on_remember_me()&amp#27;[0m
  &amp#27;[32mAnd &amp#27;[0m&amp#27;[32mClick on login button&amp#27;[0m                                                  &amp#27;[90m# com.salesforce.steps.SalesforceStepDefinition.click_on_login_button()&amp#27;[0m
  &amp#27;[32mThen &amp#27;[0m&amp#27;[32mUser on &amp#27;[0m&amp#27;[32m&amp#27;[1m"HomePage"&amp#27;[0m                                                    &amp#27;[90m# com.salesforce.steps.SalesforceStepDefinition.user_on(java.lang.String)&amp#27;[0m
  &amp#27;[32mThen &amp#27;[0m&amp#27;[32mgo to user menu and Click on logout&amp#27;[0m                                   &amp#27;[90m# com.salesforce.steps.SalesforceStepDefinition.go_to_user_menu_and_click_on_logout()&amp#27;[0m
  &amp#27;[32mThen &amp#27;[0m&amp#27;[32mUser name field is shown with text &amp#27;[0m&amp#27;[32m&amp#27;[1m"training@automation.com"&amp#27;[0m          &amp#27;[90m# com.salesforce.steps.SalesforceStepDefinition.user_name_field_is_shown_with_text(java.lang.String)&amp#27;[0m

@tag
Scenario: Login with correct user name and click forget password link                             &amp#27;[90m# src/test/resources/com/salesforce/features/SalesforceApplication.feature:32&amp#27;[0m
  &amp#27;[32mGiven &amp#27;[0m&amp#27;[32mUser open Salesforce Application&amp#27;[0m                                                          &amp#27;[90m# com.salesforce.steps.SalesforceStepDefinition.user_open_salesforce_application()&amp#27;[0m
  &amp#27;[32mWhen &amp#27;[0m&amp#27;[32mUser on &amp#27;[0m&amp#27;[32m&amp#27;[1m"LoginPage"&amp#27;[0m                                                                        &amp#27;[90m# com.salesforce.steps.SalesforceStepDefinition.user_on(java.lang.String)&amp#27;[0m
  &amp#27;[32mWhen &amp#27;[0m&amp#27;[32mUser enters value into username field as &amp#27;[0m&amp#27;[32m&amp#27;[1m"training@automation.com"&amp#27;[0m                         &amp#27;[90m# com.salesforce.steps.SalesforceStepDefinition.user_enters_value_into_username_field_as(java.lang.String)&amp#27;[0m
  &amp#27;[32mAnd &amp#27;[0m&amp#27;[32mclick on forget password link&amp#27;[0m                                                               &amp#27;[90m# com.salesforce.steps.SalesforceStepDefinition.click_on_forget_password_link()&amp#27;[0m
  &amp#27;[32mThen &amp#27;[0m&amp#27;[32mUser on &amp#27;[0m&amp#27;[32m&amp#27;[1m"LoginForgetPasswordPage"&amp#27;[0m                                                          &amp#27;[90m# com.salesforce.steps.SalesforceStepDefinition.user_on(java.lang.String)&amp#27;[0m
  &amp#27;[32mThen &amp#27;[0m&amp#27;[32mUser enters value into username field on forget password page as &amp#27;[0m&amp#27;[32m&amp#27;[1m"training@automation.com"&amp#27;[0m &amp#27;[90m# com.salesforce.steps.SalesforceStepDefinition.user_enters_value_into_username_field_on_forget_password_page_as(java.lang.String)&amp#27;[0m
  &amp#27;[32mThen &amp#27;[0m&amp#27;[32mClick on continue button&amp#27;[0m                                                                   &amp#27;[90m# com.salesforce.steps.SalesforceStepDefinition.click_on_continue_button()&amp#27;[0m
  &amp#27;[32mThen &amp#27;[0m&amp#27;[32mUser on &amp#27;[0m&amp#27;[32m&amp#27;[1m"LoginCheckEmailPage"&amp#27;[0m                                                              &amp#27;[90m# com.salesforce.steps.SalesforceStepDefinition.user_on(java.lang.String)&amp#27;[0m
  &amp#27;[31mThen &amp#27;[0m&amp#27;[31mVerify page title as &amp#27;[0m&amp#27;[31m&amp#27;[1m"Check Your Email | Salesforce"&amp#27;[0m&amp#27;[31m on &amp#27;[0m&amp#27;[31m&amp#27;[1m"LoginCheckEmailPage"&amp#27;[0m              &amp#27;[90m# com.salesforce.steps.SalesforceStepDefinition.verify_page_title_as_on(java.lang.String,java.lang.String)&amp#27;[0m
      &amp#27;[31mjava.lang.NullPointerException: Cannot invoke "org.openqa.selenium.WebDriver.getTitle()" because "this.driver" is null
	at com.salesforce.pages.loginpages.LoginCheckEmailPage.getCheckEmailTitle(LoginCheckEmailPage.java:15)
	at com.salesforce.steps.SalesforceStepDefinition.verify_page_title_as_on(SalesforceS]]></system-out>
    <system-err><![CDATA[Starting ChromeDriver 102.0.5005.61 (0e59bcc00cc4985ce39ad31c150065f159d95ad3-refs/branch-heads/5005@{#819}) on port 30016
Only local connections are allowed.
Please see https://chromedriver.chromium.org/security-considerations for suggestions on keeping ChromeDriver safe.
ChromeDriver was started successfully.
May 31, 2022 11:38:59 AM org.openqa.selenium.remote.ProtocolHandshake createSession
INFO: Detected dialect: W3C
]]></system-err>
  </testcase>
  <testcase name="runScenario" classname="com.salesforce.runners.SalesforceRunner" time="2.856"/>
</testsuite>